
ROM used:   192/65536 (0%)
            192/65536 (0%) including unused fragments

            0.2 Average locations per line
            8.7 Average locations per statement

RAM used:   9/3968 (0%) at main() level
            11/3968 (0%) worst case

Stack used: 2 worst case (2 in main + 0 for interrupts)
Stack size: 31

Lines Stmts  %   Files
----- ----- ---  -----
   46    22 100  Calculadora_8bits.c
  834     0   0  ..\..\..\..\..\Program Files (x86)\PICC\Devices\18F4620.h
----- -----
  880    22 Total

Page ROM  %  RAM   Vol Diff  Functions:
---- --- --- ---   --- ----  ----------
0     40  10    1             @delay_ms1
0    108  28    5   485  5.7  main
0     40  10    2   134  3.0  error
 Inline         0    74  2.3  @cinit1

Program metrics:
    Functions               3
    Statements              22
    Comments                149
    Volume (V)              872
    Difficulty (D)          11.1
    Effort to implement (E) 9689
    Time to implement (T)   9 minutes
    Est Delivered Bugs (B)  0
    Cyclomatic Complexity   7
    Maintainability (MI)    59

 Segment     Used  Free
-----------  ----  ----
00000-00002     4  0  
00004-0FFFE   188  65344  



